<?xml version="1.0" encoding="UTF-8"?>
<beans xmlns="http://www.springframework.org/schema/beans"
       xmlns:xsi="http://www.w3.org/2001/XMLSchema-instance"
       xmlns:p="http://www.springframework.org/schema/p"
       xsi:schemaLocation="http://www.springframework.org/schema/beans
                            http://www.springframework.org/schema/beans/spring-beans.xsd">

    <!-- 配置Jedis的 缓冲池 -->
    <bean id="jedisPoolConfig" class="redis.clients.jedis.JedisPoolConfig">
        <property name="maxTotal" value="20"/>
        <property name="maxIdle" value="6"/>
        <property name="maxWaitMillis" value="15000"/>
        <property name="minEvictableIdleTimeMillis" value="300000"/>
        <property name="numTestsPerEvictionRun" value="3"/>
        <property name="timeBetweenEvictionRunsMillis" value="60000"/>
    </bean>
    <!--p:maxActive="32"-->
    <!--p:maxIdle="6"-->
    <!--p:maxWait="15000"-->
    <!--p:minEvictableIdleTimeMillis="300000"-->
    <!--p:numTestsPerEvictionRun="3"-->
    <!--p:timeBetweenEvictionRunsMillis="60000"-->
    <!--p:whenExhaustedAction="1">-->

    <bean id="jedisConnectionFactory" class="org.springframework.data.redis.connection.jedis.JedisConnectionFactory">
        <property name="hostName" value="127.0.0.1"/>
        <property name="port" value="6379"/>
        <property name="password" value="password"/>
        <property name="database" value="0"/>
        <property name="poolConfig" ref="jedisPoolConfig"/>
    </bean>


    <bean id="redisTemplate" class="org.springframework.data.redis.core.RedisTemplate">
        <property name="connectionFactory" ref="jedisConnectionFactory"/>
    </bean>
</beans>